

luisfrigo@luisfrigo-System-Product-Name:~/terraform/ans$ ansible-playbook playbook.yml 

PLAY [maquina] ***************************************************************************************

TASK [Gathering Facts] *******************************************************************************
ok: [maquina]

TASK [iis : add IIS web feature] *********************************************************************
changed: [maquina]

TASK [iis : add additional modules to IIS] ***********************************************************
changed: [maquina]

TASK [setupwebsite : Criar uma pasta para o IIS] *****************************************************
changed: [maquina]

PLAY RECAP *******************************************************************************************
maquina                    : ok=4    changed=3    unreachable=0    failed=0    skipped=0    rescued=0    ignored=0   

luisfrigo@luisfrigo-System-Product-Name:~/terraform/ans$ ansible-playbook playbook.yml 

PLAY [maquina] ************************************************************************************************************************************************************************

TASK [Gathering Facts] ****************************************************************************************************************************************************************
ok: [maquina]

TASK [iis : adcionar IIS web] *********************************************************************************************************************************************************
ok: [maquina]

TASK [iis : adcionar modulos para o IIS] **********************************************************************************************************************************************
ok: [maquina]

TASK [setupwebsite : Criar uma pasta para o IIS] **************************************************************************************************************************************
ok: [maquina]

PLAY RECAP ****************************************************************************************************************************************************************************
maquina                    : ok=4    changed=0    unreachable=0    failed=0    skipped=0    rescued=0    ignored=0   
